# JRE version: OpenJDK Runtime Environment Temurin-17.0.5+8 (17.0.5+8) (build 17.0.5+8)
# Java VM: OpenJDK 64-Bit Server VM Temurin-17.0.5+8 (17.0.5+8, mixed mode, sharing, tiered, compressed oops, compressed class ptrs, g1 gc, windows-amd64)
GC Precious Log:
 CPUs: 12 total, 12 available
 Memory: 16245M
 Large Page Support: Disabled
 NUMA Support: Disabled
 Compressed Oops: Enabled (Zero based)
 Heap Region Size: 2M
 Heap Min Capacity: 8M
 Heap Initial Capacity: 254M
 Heap Max Capacity: 4062M
 Pre-touch: Disabled
 Parallel Workers: 10
 Concurrent Workers: 3
 Concurrent Refinement Workers: 10
 Periodic GC: Disabled
Heap:
 garbage-first heap   total 260096K, used 17934K [0x0000000702200000, 0x0000000800000000)
  region size 2048K, 5 young (10240K), 4 survivors (8192K)
 Metaspace       used 15628K, committed 15872K, reserved 1064960K
  class space    used 1310K, committed 1408K, reserved 1048576K
GC Heap History (14 events):
Event: 2.935 GC heap before
{Heap before GC invocations=0 (full 0):
 garbage-first heap   total 260096K, used 22528K [0x0000000702200000, 0x0000000800000000)
  region size 2048K, 11 young (22528K), 0 survivors (0K)
 Metaspace       used 7064K, committed 7296K, reserved 1064960K
  class space    used 502K, committed 640K, reserved 1048576K
}
Event: 2.947 GC heap after
{Heap after GC invocations=1 (full 0):
 garbage-first heap   total 260096K, used 3871K [0x0000000702200000, 0x0000000800000000)
  region size 2048K, 2 young (4096K), 2 survivors (4096K)
 Metaspace       used 7064K, committed 7296K, reserved 1064960K
  class space    used 502K, committed 640K, reserved 1048576K
}
Event: 4.814 GC heap before
{Heap before GC invocations=1 (full 0):
 garbage-first heap   total 260096K, used 30495K [0x0000000702200000, 0x0000000800000000)
  region size 2048K, 16 young (32768K), 2 survivors (4096K)
 Metaspace       used 10518K, committed 10752K, reserved 1064960K
  class space    used 848K, committed 960K, reserved 1048576K
}
Event: 4.820 GC heap after
{Heap after GC invocations=2 (full 0):
 garbage-first heap   total 260096K, used 5558K [0x0000000702200000, 0x0000000800000000)
  region size 2048K, 1 young (2048K), 1 survivors (2048K)
 Metaspace       used 10518K, committed 10752K, reserved 1064960K
  class space    used 848K, committed 960K, reserved 1048576K
}
Event: 13.666 GC heap before
{Heap before GC invocations=2 (full 0):
 garbage-first heap   total 260096K, used 232886K [0x0000000702200000, 0x0000000800000000)
  region size 2048K, 68 young (139264K), 1 survivors (2048K)
 Metaspace       used 15536K, committed 15744K, reserved 1064960K
  class space    used 1308K, committed 1408K, reserved 1048576K
}
Event: 13.674 GC heap after
{Heap after GC invocations=3 (full 0):
 garbage-first heap   total 260096K, used 10487K [0x0000000702200000, 0x0000000800000000)
  region size 2048K, 4 young (8192K), 4 survivors (8192K)
 Metaspace       used 15536K, committed 15744K, reserved 1064960K
  class space    used 1308K, committed 1408K, reserved 1048576K
}
Event: 22.049 GC heap before
{Heap before GC invocations=3 (full 0):
 garbage-first heap   total 260096K, used 229623K [0x0000000702200000, 0x0000000800000000)
  region size 2048K, 58 young (118784K), 4 survivors (8192K)
 Metaspace       used 15559K, committed 15744K, reserved 1064960K
  class space    used 1308K, committed 1408K, reserved 1048576K
}
Event: 22.055 GC heap after
{Heap after GC invocations=4 (full 0):
 garbage-first heap   total 260096K, used 10921K [0x0000000702200000, 0x0000000800000000)
  region size 2048K, 4 young (8192K), 4 survivors (8192K)
 Metaspace       used 15559K, committed 15744K, reserved 1064960K
  class space    used 1308K, committed 1408K, reserved 1048576K
}
Event: 25.127 GC heap before
{Heap before GC invocations=4 (full 0):
 garbage-first heap   total 260096K, used 156329K [0x0000000702200000, 0x0000000800000000)
  region size 2048K, 22 young (45056K), 4 survivors (8192K)
 Metaspace       used 15573K, committed 15808K, reserved 1064960K
  class space    used 1308K, committed 1408K, reserved 1048576K
}
Event: 25.131 GC heap after
{Heap after GC invocations=5 (full 0):
 garbage-first heap   total 260096K, used 11137K [0x0000000702200000, 0x0000000800000000)
  region size 2048K, 4 young (8192K), 4 survivors (8192K)
 Metaspace       used 15573K, committed 15808K, reserved 1064960K
  class space    used 1308K, committed 1408K, reserved 1048576K
}
Event: 29.836 GC heap before
{Heap before GC invocations=5 (full 0):
 garbage-first heap   total 260096K, used 189313K [0x0000000702200000, 0x0000000800000000)
  region size 2048K, 38 young (77824K), 4 survivors (8192K)
 Metaspace       used 15600K, committed 15872K, reserved 1064960K
  class space    used 1309K, committed 1408K, reserved 1048576K
}
Event: 29.840 GC heap after
{Heap after GC invocations=6 (full 0):
 garbage-first heap   total 260096K, used 11435K [0x0000000702200000, 0x0000000800000000)
  region size 2048K, 4 young (8192K), 4 survivors (8192K)
 Metaspace       used 15600K, committed 15872K, reserved 1064960K
  class space    used 1309K, committed 1408K, reserved 1048576K
}
Event: 31.337 GC heap before
{Heap before GC invocations=6 (full 0):
 garbage-first heap   total 260096K, used 140459K [0x0000000702200000, 0x0000000800000000)
  region size 2048K, 14 young (28672K), 4 survivors (8192K)
 Metaspace       used 15619K, committed 15872K, reserved 1064960K
  class space    used 1309K, committed 1408K, reserved 1048576K
}
Event: 31.344 GC heap after
{Heap after GC invocations=7 (full 0):
 garbage-first heap   total 260096K, used 11790K [0x0000000702200000, 0x0000000800000000)
  region size 2048K, 4 young (8192K), 4 survivors (8192K)
 Metaspace       used 15619K, committed 15872K, reserved 1064960K
  class space    used 1309K, committed 1408K, reserved 1048576K
}

