# JRE version: OpenJDK Runtime Environment Temurin-17.0.5+8 (17.0.5+8) (build 17.0.5+8)
# Java VM: OpenJDK 64-Bit Server VM Temurin-17.0.5+8 (17.0.5+8, mixed mode, sharing, tiered, compressed oops, compressed class ptrs, g1 gc, windows-amd64)
GC Precious Log:
 CPUs: 12 total, 12 available
 Memory: 16245M
 Large Page Support: Disabled
 NUMA Support: Disabled
 Compressed Oops: Enabled (Zero based)
 Heap Region Size: 2M
 Heap Min Capacity: 8M
 Heap Initial Capacity: 254M
 Heap Max Capacity: 4062M
 Pre-touch: Disabled
 Parallel Workers: 10
 Concurrent Workers: 3
 Concurrent Refinement Workers: 10
 Periodic GC: Disabled
Heap:
 garbage-first heap   total 260096K, used 18126K [0x0000000702200000, 0x0000000800000000)
  region size 2048K, 6 young (12288K), 4 survivors (8192K)
 Metaspace       used 15024K, committed 15232K, reserved 1064960K
  class space    used 1239K, committed 1344K, reserved 1048576K
GC Heap History (6 events):
Event: 2.350 GC heap before
{Heap before GC invocations=0 (full 0):
 garbage-first heap   total 260096K, used 22528K [0x0000000702200000, 0x0000000800000000)
  region size 2048K, 11 young (22528K), 0 survivors (0K)
 Metaspace       used 6958K, committed 7104K, reserved 1064960K
  class space    used 500K, committed 576K, reserved 1048576K
}
Event: 2.356 GC heap after
{Heap after GC invocations=1 (full 0):
 garbage-first heap   total 260096K, used 3835K [0x0000000702200000, 0x0000000800000000)
  region size 2048K, 2 young (4096K), 2 survivors (4096K)
 Metaspace       used 6958K, committed 7104K, reserved 1064960K
  class space    used 500K, committed 576K, reserved 1048576K
}
Event: 4.127 GC heap before
{Heap before GC invocations=1 (full 0):
 garbage-first heap   total 260096K, used 30459K [0x0000000702200000, 0x0000000800000000)
  region size 2048K, 16 young (32768K), 2 survivors (4096K)
 Metaspace       used 10336K, committed 10560K, reserved 1064960K
  class space    used 832K, committed 960K, reserved 1048576K
}
Event: 4.133 GC heap after
{Heap after GC invocations=2 (full 0):
 garbage-first heap   total 260096K, used 5537K [0x0000000702200000, 0x0000000800000000)
  region size 2048K, 1 young (2048K), 1 survivors (2048K)
 Metaspace       used 10336K, committed 10560K, reserved 1064960K
  class space    used 832K, committed 960K, reserved 1048576K
}
Event: 11.663 GC heap before
{Heap before GC invocations=2 (full 0):
 garbage-first heap   total 260096K, used 171425K [0x0000000702200000, 0x0000000800000000)
  region size 2048K, 29 young (59392K), 1 survivors (2048K)
 Metaspace       used 15020K, committed 15232K, reserved 1064960K
  class space    used 1239K, committed 1344K, reserved 1048576K
}
Event: 11.669 GC heap after
{Heap after GC invocations=3 (full 0):
 garbage-first heap   total 260096K, used 9934K [0x0000000702200000, 0x0000000800000000)
  region size 2048K, 4 young (8192K), 4 survivors (8192K)
 Metaspace       used 15020K, committed 15232K, reserved 1064960K
  class space    used 1239K, committed 1344K, reserved 1048576K
}

